[0.073s] Invoking command in '/home/blackbird/ros_workspace/src/kios/build/kios_interface': /usr/bin/cmake /home/blackbird/ros_workspace/src/kios/kios_interface -DCMAKE_INSTALL_PREFIX=/home/blackbird/ros_workspace/src/kios/install/kios_interface
[0.132s] -- The C compiler identification is GNU 9.4.0
[0.174s] -- The CXX compiler identification is GNU 9.4.0
[0.180s] -- Check for working C compiler: /usr/bin/cc
[0.228s] -- Check for working C compiler: /usr/bin/cc -- works
[0.230s] -- Detecting C compiler ABI info
[0.276s] -- Detecting C compiler ABI info - done
[0.284s] -- Detecting C compile features
[0.284s] -- Detecting C compile features - done
[0.287s] -- Check for working CXX compiler: /usr/bin/c++
[0.342s] -- Check for working CXX compiler: /usr/bin/c++ -- works
[0.342s] -- Detecting CXX compiler ABI info
[0.394s] -- Detecting CXX compiler ABI info - done
[0.402s] -- Detecting CXX compile features
[0.403s] -- Detecting CXX compile features - done
[0.411s] CMake Error at CMakeLists.txt:9 (find_package):
[0.411s]   By not providing "Findament_cmake.cmake" in CMAKE_MODULE_PATH this project
[0.411s]   has asked CMake to find a package configuration file provided by
[0.411s]   "ament_cmake", but CMake did not find one.
[0.411s] 
[0.411s]   Could not find a package configuration file provided by "ament_cmake" with
[0.411s]   any of the following names:
[0.411s] 
[0.411s]     ament_cmakeConfig.cmake
[0.412s]     ament_cmake-config.cmake
[0.412s] 
[0.412s]   Add the installation prefix of "ament_cmake" to CMAKE_PREFIX_PATH or set
[0.412s]   "ament_cmake_DIR" to a directory containing one of the above files.  If
[0.412s]   "ament_cmake" provides a separate development package or SDK, be sure it
[0.412s]   has been installed.
[0.412s] 
[0.412s] 
[0.412s] -- Configuring incomplete, errors occurred!
[0.412s] See also "/home/blackbird/ros_workspace/src/kios/build/kios_interface/CMakeFiles/CMakeOutput.log".
[0.413s] Invoked command in '/home/blackbird/ros_workspace/src/kios/build/kios_interface' returned '1': /usr/bin/cmake /home/blackbird/ros_workspace/src/kios/kios_interface -DCMAKE_INSTALL_PREFIX=/home/blackbird/ros_workspace/src/kios/install/kios_interface
