[1.618s] DEBUG:colcon:Command line arguments: ['/usr/bin/colcon', 'build']
[1.618s] DEBUG:colcon:Parsed command line arguments: Namespace(allow_overriding=[], ament_cmake_args=None, base_paths=['.'], build_base='build', catkin_cmake_args=None, catkin_skip_building_tests=False, cmake_args=None, cmake_clean_cache=False, cmake_clean_first=False, cmake_force_configure=False, cmake_target=None, cmake_target_skip_unavailable=False, continue_on_error=False, event_handlers=None, executor='parallel', ignore_user_meta=False, install_base='install', log_base=None, log_level=None, main=<bound method BuildVerb.main of <colcon_core.verb.build.BuildVerb object at 0x7fe1b3df5460>>, merge_install=False, metas=['./colcon.meta'], packages_above=None, packages_above_and_dependencies=None, packages_above_depth=None, packages_end=None, packages_ignore=None, packages_ignore_regex=None, packages_select=None, packages_select_build_failed=False, packages_select_by_dep=None, packages_select_regex=None, packages_select_test_failures=False, packages_skip=None, packages_skip_build_finished=False, packages_skip_by_dep=None, packages_skip_regex=None, packages_skip_test_passed=False, packages_skip_up_to=None, packages_start=None, packages_up_to=None, packages_up_to_regex=None, parallel_workers=16, paths=None, symlink_install=False, test_result_base=None, verb_extension=<colcon_core.verb.build.BuildVerb object at 0x7fe1b3df5460>, verb_name='build', verb_parser=<colcon_defaults.argument_parser.defaults.DefaultArgumentsDecorator object at 0x7fe1b3d37a60>)
[1.703s] Level 1:colcon.colcon_core.package_discovery:discover_packages(colcon_meta) check parameters
[1.703s] Level 1:colcon.colcon_core.package_discovery:discover_packages(recursive) check parameters
[1.703s] Level 1:colcon.colcon_core.package_discovery:discover_packages(ignore) check parameters
[1.703s] Level 1:colcon.colcon_core.package_discovery:discover_packages(path) check parameters
[1.703s] Level 1:colcon.colcon_core.package_discovery:discover_packages(colcon_meta) discover
[1.703s] Level 1:colcon.colcon_core.package_discovery:discover_packages(recursive) discover
[1.703s] INFO:colcon.colcon_core.package_discovery:Crawling recursively for packages in '/home/blackbird/ros_workspace/src/kios'
[1.703s] Level 1:colcon.colcon_core.package_identification:_identify(.) by extensions ['ignore', 'ignore_ament_install']
[1.703s] Level 1:colcon.colcon_core.package_identification:_identify(.) by extension 'ignore'
[1.703s] Level 1:colcon.colcon_core.package_identification:_identify(.) by extension 'ignore_ament_install'
[1.703s] Level 1:colcon.colcon_core.package_identification:_identify(.) by extensions ['colcon_pkg']
[1.703s] Level 1:colcon.colcon_core.package_identification:_identify(.) by extension 'colcon_pkg'
[1.703s] Level 1:colcon.colcon_core.package_identification:_identify(.) by extensions ['colcon_meta']
[1.703s] Level 1:colcon.colcon_core.package_identification:_identify(.) by extension 'colcon_meta'
[1.703s] Level 1:colcon.colcon_core.package_identification:_identify(.) by extensions ['ros']
[1.703s] Level 1:colcon.colcon_core.package_identification:_identify(.) by extension 'ros'
[1.713s] Level 1:colcon.colcon_core.package_identification:_identify(.) by extensions ['cmake', 'python']
[1.713s] Level 1:colcon.colcon_core.package_identification:_identify(.) by extension 'cmake'
[1.713s] Level 1:colcon.colcon_core.package_identification:_identify(.) by extension 'python'
[1.713s] Level 1:colcon.colcon_core.package_identification:_identify(.) by extensions ['python_setup_py']
[1.713s] Level 1:colcon.colcon_core.package_identification:_identify(.) by extension 'python_setup_py'
[1.713s] Level 1:colcon.colcon_core.package_identification:_identify(build) by extensions ['ignore', 'ignore_ament_install']
[1.713s] Level 1:colcon.colcon_core.package_identification:_identify(build) by extension 'ignore'
[1.713s] Level 1:colcon.colcon_core.package_identification:_identify(build) ignored
[1.713s] Level 1:colcon.colcon_core.package_identification:_identify(install) by extensions ['ignore', 'ignore_ament_install']
[1.713s] Level 1:colcon.colcon_core.package_identification:_identify(install) by extension 'ignore'
[1.713s] Level 1:colcon.colcon_core.package_identification:_identify(install) ignored
[1.713s] Level 1:colcon.colcon_core.package_identification:_identify(kios_cli) by extensions ['ignore', 'ignore_ament_install']
[1.714s] Level 1:colcon.colcon_core.package_identification:_identify(kios_cli) by extension 'ignore'
[1.714s] Level 1:colcon.colcon_core.package_identification:_identify(kios_cli) by extension 'ignore_ament_install'
[1.714s] Level 1:colcon.colcon_core.package_identification:_identify(kios_cli) by extensions ['colcon_pkg']
[1.714s] Level 1:colcon.colcon_core.package_identification:_identify(kios_cli) by extension 'colcon_pkg'
[1.714s] Level 1:colcon.colcon_core.package_identification:_identify(kios_cli) by extensions ['colcon_meta']
[1.714s] Level 1:colcon.colcon_core.package_identification:_identify(kios_cli) by extension 'colcon_meta'
[1.714s] Level 1:colcon.colcon_core.package_identification:_identify(kios_cli) by extensions ['ros']
[1.714s] Level 1:colcon.colcon_core.package_identification:_identify(kios_cli) by extension 'ros'
[1.716s] DEBUG:colcon.colcon_core.package_identification:Package 'kios_cli' with type 'ros.ament_python' and name 'kios_cli'
[1.716s] Level 1:colcon.colcon_core.package_identification:_identify(kios_cpp) by extensions ['ignore', 'ignore_ament_install']
[1.716s] Level 1:colcon.colcon_core.package_identification:_identify(kios_cpp) by extension 'ignore'
[1.716s] Level 1:colcon.colcon_core.package_identification:_identify(kios_cpp) by extension 'ignore_ament_install'
[1.716s] Level 1:colcon.colcon_core.package_identification:_identify(kios_cpp) by extensions ['colcon_pkg']
[1.716s] Level 1:colcon.colcon_core.package_identification:_identify(kios_cpp) by extension 'colcon_pkg'
[1.716s] Level 1:colcon.colcon_core.package_identification:_identify(kios_cpp) by extensions ['colcon_meta']
[1.717s] Level 1:colcon.colcon_core.package_identification:_identify(kios_cpp) by extension 'colcon_meta'
[1.717s] Level 1:colcon.colcon_core.package_identification:_identify(kios_cpp) by extensions ['ros']
[1.717s] Level 1:colcon.colcon_core.package_identification:_identify(kios_cpp) by extension 'ros'
[1.717s] DEBUG:colcon.colcon_core.package_identification:Package 'kios_cpp' with type 'ros.ament_cmake' and name 'kios_cpp'
[1.717s] Level 1:colcon.colcon_core.package_identification:_identify(kios_interface) by extensions ['ignore', 'ignore_ament_install']
[1.717s] Level 1:colcon.colcon_core.package_identification:_identify(kios_interface) by extension 'ignore'
[1.717s] Level 1:colcon.colcon_core.package_identification:_identify(kios_interface) by extension 'ignore_ament_install'
[1.717s] Level 1:colcon.colcon_core.package_identification:_identify(kios_interface) by extensions ['colcon_pkg']
[1.718s] Level 1:colcon.colcon_core.package_identification:_identify(kios_interface) by extension 'colcon_pkg'
[1.718s] Level 1:colcon.colcon_core.package_identification:_identify(kios_interface) by extensions ['colcon_meta']
[1.718s] Level 1:colcon.colcon_core.package_identification:_identify(kios_interface) by extension 'colcon_meta'
[1.718s] Level 1:colcon.colcon_core.package_identification:_identify(kios_interface) by extensions ['ros']
[1.718s] Level 1:colcon.colcon_core.package_identification:_identify(kios_interface) by extension 'ros'
[1.718s] DEBUG:colcon.colcon_core.package_identification:Package 'kios_interface' with type 'ros.ament_cmake' and name 'kios_interface'
[1.718s] Level 1:colcon.colcon_core.package_identification:_identify(kios_py) by extensions ['ignore', 'ignore_ament_install']
[1.718s] Level 1:colcon.colcon_core.package_identification:_identify(kios_py) by extension 'ignore'
[1.718s] Level 1:colcon.colcon_core.package_identification:_identify(kios_py) by extension 'ignore_ament_install'
[1.718s] Level 1:colcon.colcon_core.package_identification:_identify(kios_py) by extensions ['colcon_pkg']
[1.718s] Level 1:colcon.colcon_core.package_identification:_identify(kios_py) by extension 'colcon_pkg'
[1.718s] Level 1:colcon.colcon_core.package_identification:_identify(kios_py) by extensions ['colcon_meta']
[1.719s] Level 1:colcon.colcon_core.package_identification:_identify(kios_py) by extension 'colcon_meta'
[1.719s] Level 1:colcon.colcon_core.package_identification:_identify(kios_py) by extensions ['ros']
[1.719s] Level 1:colcon.colcon_core.package_identification:_identify(kios_py) by extension 'ros'
[1.719s] DEBUG:colcon.colcon_core.package_identification:Package 'kios_py' with type 'ros.ament_python' and name 'kios_py'
[1.719s] Level 1:colcon.colcon_core.package_identification:_identify(log) by extensions ['ignore', 'ignore_ament_install']
[1.719s] Level 1:colcon.colcon_core.package_identification:_identify(log) by extension 'ignore'
[1.719s] Level 1:colcon.colcon_core.package_identification:_identify(log) ignored
[1.719s] Level 1:colcon.colcon_core.package_identification:_identify(logs) by extensions ['ignore', 'ignore_ament_install']
[1.719s] Level 1:colcon.colcon_core.package_identification:_identify(logs) by extension 'ignore'
[1.719s] Level 1:colcon.colcon_core.package_identification:_identify(logs) by extension 'ignore_ament_install'
[1.719s] Level 1:colcon.colcon_core.package_identification:_identify(logs) by extensions ['colcon_pkg']
[1.719s] Level 1:colcon.colcon_core.package_identification:_identify(logs) by extension 'colcon_pkg'
[1.719s] Level 1:colcon.colcon_core.package_identification:_identify(logs) by extensions ['colcon_meta']
[1.720s] Level 1:colcon.colcon_core.package_identification:_identify(logs) by extension 'colcon_meta'
[1.720s] Level 1:colcon.colcon_core.package_identification:_identify(logs) by extensions ['ros']
[1.720s] Level 1:colcon.colcon_core.package_identification:_identify(logs) by extension 'ros'
[1.720s] Level 1:colcon.colcon_core.package_identification:_identify(logs) by extensions ['cmake', 'python']
[1.720s] Level 1:colcon.colcon_core.package_identification:_identify(logs) by extension 'cmake'
[1.720s] Level 1:colcon.colcon_core.package_identification:_identify(logs) by extension 'python'
[1.720s] Level 1:colcon.colcon_core.package_identification:_identify(logs) by extensions ['python_setup_py']
[1.720s] Level 1:colcon.colcon_core.package_identification:_identify(logs) by extension 'python_setup_py'
[1.720s] Level 1:colcon.colcon_core.package_identification:_identify(pddl) by extensions ['ignore', 'ignore_ament_install']
[1.720s] Level 1:colcon.colcon_core.package_identification:_identify(pddl) by extension 'ignore'
[1.720s] Level 1:colcon.colcon_core.package_identification:_identify(pddl) by extension 'ignore_ament_install'
[1.720s] Level 1:colcon.colcon_core.package_identification:_identify(pddl) by extensions ['colcon_pkg']
[1.720s] Level 1:colcon.colcon_core.package_identification:_identify(pddl) by extension 'colcon_pkg'
[1.720s] Level 1:colcon.colcon_core.package_identification:_identify(pddl) by extensions ['colcon_meta']
[1.720s] Level 1:colcon.colcon_core.package_identification:_identify(pddl) by extension 'colcon_meta'
[1.720s] Level 1:colcon.colcon_core.package_identification:_identify(pddl) by extensions ['ros']
[1.720s] Level 1:colcon.colcon_core.package_identification:_identify(pddl) by extension 'ros'
[1.720s] Level 1:colcon.colcon_core.package_identification:_identify(pddl) by extensions ['cmake', 'python']
[1.720s] Level 1:colcon.colcon_core.package_identification:_identify(pddl) by extension 'cmake'
[1.720s] Level 1:colcon.colcon_core.package_identification:_identify(pddl) by extension 'python'
[1.720s] Level 1:colcon.colcon_core.package_identification:_identify(pddl) by extensions ['python_setup_py']
[1.720s] Level 1:colcon.colcon_core.package_identification:_identify(pddl) by extension 'python_setup_py'
[1.720s] Level 1:colcon.colcon_core.package_identification:_identify(pddl/test) by extensions ['ignore', 'ignore_ament_install']
[1.720s] Level 1:colcon.colcon_core.package_identification:_identify(pddl/test) by extension 'ignore'
[1.721s] Level 1:colcon.colcon_core.package_identification:_identify(pddl/test) by extension 'ignore_ament_install'
[1.721s] Level 1:colcon.colcon_core.package_identification:_identify(pddl/test) by extensions ['colcon_pkg']
[1.721s] Level 1:colcon.colcon_core.package_identification:_identify(pddl/test) by extension 'colcon_pkg'
[1.721s] Level 1:colcon.colcon_core.package_identification:_identify(pddl/test) by extensions ['colcon_meta']
[1.721s] Level 1:colcon.colcon_core.package_identification:_identify(pddl/test) by extension 'colcon_meta'
[1.721s] Level 1:colcon.colcon_core.package_identification:_identify(pddl/test) by extensions ['ros']
[1.721s] Level 1:colcon.colcon_core.package_identification:_identify(pddl/test) by extension 'ros'
[1.721s] Level 1:colcon.colcon_core.package_identification:_identify(pddl/test) by extensions ['cmake', 'python']
[1.721s] Level 1:colcon.colcon_core.package_identification:_identify(pddl/test) by extension 'cmake'
[1.721s] Level 1:colcon.colcon_core.package_identification:_identify(pddl/test) by extension 'python'
[1.721s] Level 1:colcon.colcon_core.package_identification:_identify(pddl/test) by extensions ['python_setup_py']
[1.721s] Level 1:colcon.colcon_core.package_identification:_identify(pddl/test) by extension 'python_setup_py'
[1.721s] Level 1:colcon.colcon_core.package_identification:_identify(websocket_test) by extensions ['ignore', 'ignore_ament_install']
[1.721s] Level 1:colcon.colcon_core.package_identification:_identify(websocket_test) by extension 'ignore'
[1.721s] Level 1:colcon.colcon_core.package_identification:_identify(websocket_test) ignored
[1.721s] Level 1:colcon.colcon_core.package_discovery:discover_packages(recursive) using defaults
[1.721s] Level 1:colcon.colcon_core.package_discovery:discover_packages(ignore) discover
[1.721s] Level 1:colcon.colcon_core.package_discovery:discover_packages(ignore) using defaults
[1.721s] Level 1:colcon.colcon_core.package_discovery:discover_packages(path) discover
[1.721s] Level 1:colcon.colcon_core.package_discovery:discover_packages(path) using defaults
[1.873s] Level 1:colcon.colcon_core.package_discovery:discover_packages(prefix_path) check parameters
[1.873s] Level 1:colcon.colcon_core.package_discovery:discover_packages(prefix_path) discover
[1.901s] Level 1:colcon.colcon_core.package_discovery:discover_packages(prefix_path) using defaults
[1.956s] Level 5:colcon.colcon_core.verb:set package 'kios_interface' build argument 'cmake_args' from command line to 'None'
[1.956s] Level 5:colcon.colcon_core.verb:set package 'kios_interface' build argument 'cmake_target' from command line to 'None'
[1.956s] Level 5:colcon.colcon_core.verb:set package 'kios_interface' build argument 'cmake_target_skip_unavailable' from command line to 'False'
[1.956s] Level 5:colcon.colcon_core.verb:set package 'kios_interface' build argument 'cmake_clean_cache' from command line to 'False'
[1.956s] Level 5:colcon.colcon_core.verb:set package 'kios_interface' build argument 'cmake_clean_first' from command line to 'False'
[1.956s] Level 5:colcon.colcon_core.verb:set package 'kios_interface' build argument 'cmake_force_configure' from command line to 'False'
[1.956s] Level 5:colcon.colcon_core.verb:set package 'kios_interface' build argument 'ament_cmake_args' from command line to 'None'
[1.956s] Level 5:colcon.colcon_core.verb:set package 'kios_interface' build argument 'catkin_cmake_args' from command line to 'None'
[1.956s] Level 5:colcon.colcon_core.verb:set package 'kios_interface' build argument 'catkin_skip_building_tests' from command line to 'False'
[1.956s] DEBUG:colcon.colcon_core.verb:Building package 'kios_interface' with the following arguments: {'ament_cmake_args': None, 'build_base': '/home/blackbird/ros_workspace/src/kios/build/kios_interface', 'catkin_cmake_args': None, 'catkin_skip_building_tests': False, 'cmake_args': None, 'cmake_clean_cache': False, 'cmake_clean_first': False, 'cmake_force_configure': False, 'cmake_target': None, 'cmake_target_skip_unavailable': False, 'install_base': '/home/blackbird/ros_workspace/src/kios/install/kios_interface', 'merge_install': False, 'path': '/home/blackbird/ros_workspace/src/kios/kios_interface', 'symlink_install': False, 'test_result_base': None}
[1.984s] Level 5:colcon.colcon_core.verb:set package 'kios_cli' build argument 'cmake_args' from command line to 'None'
[1.984s] Level 5:colcon.colcon_core.verb:set package 'kios_cli' build argument 'cmake_target' from command line to 'None'
[1.984s] Level 5:colcon.colcon_core.verb:set package 'kios_cli' build argument 'cmake_target_skip_unavailable' from command line to 'False'
[1.984s] Level 5:colcon.colcon_core.verb:set package 'kios_cli' build argument 'cmake_clean_cache' from command line to 'False'
[1.984s] Level 5:colcon.colcon_core.verb:set package 'kios_cli' build argument 'cmake_clean_first' from command line to 'False'
[1.984s] Level 5:colcon.colcon_core.verb:set package 'kios_cli' build argument 'cmake_force_configure' from command line to 'False'
[1.984s] Level 5:colcon.colcon_core.verb:set package 'kios_cli' build argument 'ament_cmake_args' from command line to 'None'
[1.984s] Level 5:colcon.colcon_core.verb:set package 'kios_cli' build argument 'catkin_cmake_args' from command line to 'None'
[1.984s] Level 5:colcon.colcon_core.verb:set package 'kios_cli' build argument 'catkin_skip_building_tests' from command line to 'False'
[1.984s] DEBUG:colcon.colcon_core.verb:Building package 'kios_cli' with the following arguments: {'ament_cmake_args': None, 'build_base': '/home/blackbird/ros_workspace/src/kios/build/kios_cli', 'catkin_cmake_args': None, 'catkin_skip_building_tests': False, 'cmake_args': None, 'cmake_clean_cache': False, 'cmake_clean_first': False, 'cmake_force_configure': False, 'cmake_target': None, 'cmake_target_skip_unavailable': False, 'install_base': '/home/blackbird/ros_workspace/src/kios/install/kios_cli', 'merge_install': False, 'path': '/home/blackbird/ros_workspace/src/kios/kios_cli', 'symlink_install': False, 'test_result_base': None}
[2.011s] Level 5:colcon.colcon_core.verb:set package 'kios_cpp' build argument 'cmake_args' from command line to 'None'
[2.011s] Level 5:colcon.colcon_core.verb:set package 'kios_cpp' build argument 'cmake_target' from command line to 'None'
[2.011s] Level 5:colcon.colcon_core.verb:set package 'kios_cpp' build argument 'cmake_target_skip_unavailable' from command line to 'False'
[2.011s] Level 5:colcon.colcon_core.verb:set package 'kios_cpp' build argument 'cmake_clean_cache' from command line to 'False'
[2.011s] Level 5:colcon.colcon_core.verb:set package 'kios_cpp' build argument 'cmake_clean_first' from command line to 'False'
[2.011s] Level 5:colcon.colcon_core.verb:set package 'kios_cpp' build argument 'cmake_force_configure' from command line to 'False'
[2.011s] Level 5:colcon.colcon_core.verb:set package 'kios_cpp' build argument 'ament_cmake_args' from command line to 'None'
[2.011s] Level 5:colcon.colcon_core.verb:set package 'kios_cpp' build argument 'catkin_cmake_args' from command line to 'None'
[2.011s] Level 5:colcon.colcon_core.verb:set package 'kios_cpp' build argument 'catkin_skip_building_tests' from command line to 'False'
[2.011s] DEBUG:colcon.colcon_core.verb:Building package 'kios_cpp' with the following arguments: {'ament_cmake_args': None, 'build_base': '/home/blackbird/ros_workspace/src/kios/build/kios_cpp', 'catkin_cmake_args': None, 'catkin_skip_building_tests': False, 'cmake_args': None, 'cmake_clean_cache': False, 'cmake_clean_first': False, 'cmake_force_configure': False, 'cmake_target': None, 'cmake_target_skip_unavailable': False, 'install_base': '/home/blackbird/ros_workspace/src/kios/install/kios_cpp', 'merge_install': False, 'path': '/home/blackbird/ros_workspace/src/kios/kios_cpp', 'symlink_install': False, 'test_result_base': None}
[2.039s] Level 5:colcon.colcon_core.verb:set package 'kios_py' build argument 'cmake_args' from command line to 'None'
[2.039s] Level 5:colcon.colcon_core.verb:set package 'kios_py' build argument 'cmake_target' from command line to 'None'
[2.039s] Level 5:colcon.colcon_core.verb:set package 'kios_py' build argument 'cmake_target_skip_unavailable' from command line to 'False'
[2.039s] Level 5:colcon.colcon_core.verb:set package 'kios_py' build argument 'cmake_clean_cache' from command line to 'False'
[2.039s] Level 5:colcon.colcon_core.verb:set package 'kios_py' build argument 'cmake_clean_first' from command line to 'False'
[2.039s] Level 5:colcon.colcon_core.verb:set package 'kios_py' build argument 'cmake_force_configure' from command line to 'False'
[2.039s] Level 5:colcon.colcon_core.verb:set package 'kios_py' build argument 'ament_cmake_args' from command line to 'None'
[2.039s] Level 5:colcon.colcon_core.verb:set package 'kios_py' build argument 'catkin_cmake_args' from command line to 'None'
[2.039s] Level 5:colcon.colcon_core.verb:set package 'kios_py' build argument 'catkin_skip_building_tests' from command line to 'False'
[2.039s] DEBUG:colcon.colcon_core.verb:Building package 'kios_py' with the following arguments: {'ament_cmake_args': None, 'build_base': '/home/blackbird/ros_workspace/src/kios/build/kios_py', 'catkin_cmake_args': None, 'catkin_skip_building_tests': False, 'cmake_args': None, 'cmake_clean_cache': False, 'cmake_clean_first': False, 'cmake_force_configure': False, 'cmake_target': None, 'cmake_target_skip_unavailable': False, 'install_base': '/home/blackbird/ros_workspace/src/kios/install/kios_py', 'merge_install': False, 'path': '/home/blackbird/ros_workspace/src/kios/kios_py', 'symlink_install': False, 'test_result_base': None}
[2.066s] INFO:colcon.colcon_core.executor:Executing jobs using 'parallel' executor
[2.094s] DEBUG:colcon.colcon_parallel_executor.executor.parallel:run_until_complete
[2.094s] INFO:colcon.colcon_ros.task.ament_cmake.build:Building ROS package in '/home/blackbird/ros_workspace/src/kios/kios_interface' with build type 'ament_cmake'
[2.094s] INFO:colcon.colcon_cmake.task.cmake.build:Building CMake package in '/home/blackbird/ros_workspace/src/kios/kios_interface'
[2.127s] INFO:colcon.colcon_core.plugin_system:Skipping extension 'colcon_core.shell.bat': Not used on non-Windows systems
[2.127s] INFO:colcon.colcon_core.shell:Skip shell extension 'powershell' for command environment: Not usable outside of PowerShell
[2.127s] DEBUG:colcon.colcon_core.shell:Skip shell extension 'dsv' for command environment
[2.167s] DEBUG:colcon.colcon_core.event_handler.log_command:Invoking command in '/home/blackbird/ros_workspace/src/kios/build/kios_interface': /usr/bin/cmake /home/blackbird/ros_workspace/src/kios/kios_interface -DCMAKE_INSTALL_PREFIX=/home/blackbird/ros_workspace/src/kios/install/kios_interface
[2.508s] DEBUG:colcon.colcon_core.event_handler.log_command:Invoked command in '/home/blackbird/ros_workspace/src/kios/build/kios_interface' returned '1': /usr/bin/cmake /home/blackbird/ros_workspace/src/kios/kios_interface -DCMAKE_INSTALL_PREFIX=/home/blackbird/ros_workspace/src/kios/install/kios_interface
[2.517s] Level 1:colcon.colcon_core.environment:create_environment_scripts_only(kios_interface)
[2.549s] Level 1:colcon.colcon_core.environment:checking '/home/blackbird/ros_workspace/src/kios/install/kios_interface' for CMake module files
[2.550s] Level 1:colcon.colcon_core.environment:checking '/home/blackbird/ros_workspace/src/kios/install/kios_interface' for CMake config files
[2.550s] Level 1:colcon.colcon_core.environment:checking '/home/blackbird/ros_workspace/src/kios/install/kios_interface/bin'
[2.550s] Level 1:colcon.colcon_core.environment:checking '/home/blackbird/ros_workspace/src/kios/install/kios_interface/lib/pkgconfig/kios_interface.pc'
[2.551s] Level 1:colcon.colcon_core.environment:checking '/home/blackbird/ros_workspace/src/kios/install/kios_interface/lib/python3.8/site-packages'
[2.551s] Level 1:colcon.colcon_core.environment:checking '/home/blackbird/ros_workspace/src/kios/install/kios_interface/bin'
[2.579s] INFO:colcon.colcon_core.shell:Creating package script '/home/blackbird/ros_workspace/src/kios/install/kios_interface/share/kios_interface/package.ps1'
[2.579s] INFO:colcon.colcon_core.shell:Creating package descriptor '/home/blackbird/ros_workspace/src/kios/install/kios_interface/share/kios_interface/package.dsv'
[2.580s] INFO:colcon.colcon_core.shell:Creating package script '/home/blackbird/ros_workspace/src/kios/install/kios_interface/share/kios_interface/package.sh'
[2.580s] INFO:colcon.colcon_core.shell:Creating package script '/home/blackbird/ros_workspace/src/kios/install/kios_interface/share/kios_interface/package.bash'
[2.581s] INFO:colcon.colcon_core.shell:Creating package script '/home/blackbird/ros_workspace/src/kios/install/kios_interface/share/kios_interface/package.zsh'
[2.581s] Level 1:colcon.colcon_core.environment:create_file_with_runtime_dependencies(/home/blackbird/ros_workspace/src/kios/install/kios_interface/share/colcon-core/packages/kios_interface)
[2.581s] DEBUG:colcon.colcon_parallel_executor.executor.parallel:closing loop
[2.581s] DEBUG:colcon.colcon_parallel_executor.executor.parallel:loop closed
[2.582s] DEBUG:colcon.colcon_parallel_executor.executor.parallel:run_until_complete finished with '1'
[2.582s] DEBUG:colcon.colcon_core.event_reactor:joining thread
[2.614s] INFO:colcon.colcon_core.plugin_system:Skipping extension 'colcon_notification.desktop_notification.terminal_notifier': Not used on non-Darwin systems
[2.614s] INFO:colcon.colcon_core.plugin_system:Skipping extension 'colcon_notification.desktop_notification.win32': Not used on non-Windows systems
[2.614s] INFO:colcon.colcon_notification.desktop_notification:Sending desktop notification using 'notify2'
[2.623s] DEBUG:colcon.colcon_core.event_reactor:joined thread
[2.652s] INFO:colcon.colcon_core.shell:Creating prefix script '/home/blackbird/ros_workspace/src/kios/install/local_setup.ps1'
[2.652s] INFO:colcon.colcon_core.shell:Creating prefix util module '/home/blackbird/ros_workspace/src/kios/install/_local_setup_util_ps1.py'
[2.653s] INFO:colcon.colcon_core.shell:Creating prefix chain script '/home/blackbird/ros_workspace/src/kios/install/setup.ps1'
[2.682s] INFO:colcon.colcon_core.shell:Creating prefix script '/home/blackbird/ros_workspace/src/kios/install/local_setup.sh'
[2.682s] INFO:colcon.colcon_core.shell:Creating prefix util module '/home/blackbird/ros_workspace/src/kios/install/_local_setup_util_sh.py'
[2.683s] INFO:colcon.colcon_core.shell:Creating prefix chain script '/home/blackbird/ros_workspace/src/kios/install/setup.sh'
[2.712s] INFO:colcon.colcon_core.shell:Creating prefix script '/home/blackbird/ros_workspace/src/kios/install/local_setup.bash'
[2.712s] INFO:colcon.colcon_core.shell:Creating prefix chain script '/home/blackbird/ros_workspace/src/kios/install/setup.bash'
[2.740s] INFO:colcon.colcon_core.shell:Creating prefix script '/home/blackbird/ros_workspace/src/kios/install/local_setup.zsh'
[2.740s] INFO:colcon.colcon_core.shell:Creating prefix chain script '/home/blackbird/ros_workspace/src/kios/install/setup.zsh'
